[LOG] System::create                           : Header version = 1.08.15. Current version = 1.08.15.
[LOG] SystemI::init                            : FMOD Studio Version: 00010815 (82192)
[LOG] SystemI::init                            : maxchannels = 256, flags = 00020000, extradriverdata = 0000000000000000
[LOG] SystemI::close                           : 
[LOG] SystemI::close                           : Stop all sounds
[LOG] SystemI::close                           : done.

[LOG] OutputWASAPI::init                       : Mix Format (WAVEFORMATEX): wFormatTag=0xFFFE, nChannels=2, nSamplesPerSec=44100, nAvgBytesPerSec=352800, nBlockAlign=8, wBitsPerSample=32, cbSize=22.
[LOG] OutputWASAPI::init                       : Mix Format (WAVEFORMATEXTENSIBLE): wValidBitsPerSample=32, dwChannelMask=0x00000003, SubFormat=00000003-0000-0010-8000-00AA00389B71.
[LOG] OutputWASAPI::init                       : Output buffer size: 3760 samples, latency: 11.61ms, period: 10.16ms, DSP buffer: 1024 * 4
[WRN] SystemI::init                            : Output requires a sample rate of 44100Hz, resampling will occur.
[LOG] Thread::initThread                       : Initializing FMOD mixer thread.  priority 3
[LOG] Thread::initThread                       : - Stacksize 49152.  Stack pointer 0000000000000000 : usesemaphore = 0 : sleeptime = 0
[LOG] Thread::callback                         : * FMOD mixer thread started
[LOG] SystemI::init                            : Set up emulated output
[LOG] SystemI::init                            : create the channel pool
[LOG] Thread::initThread                       : Initializing FMOD stream thread.  priority 2
[LOG] Thread::initThread                       : - Stacksize 65536.  Stack pointer 0000000000000000 : usesemaphore = 0 : sleeptime = 10
[LOG] Thread::callback                         : * FMOD stream thread started
[LOG] Thread::initThread                       : Initializing FMOD Studio sample load thread.  priority 0
[LOG] Thread::initThread                       : - Stacksize 65536.  Stack pointer 0000000000000000 : usesemaphore = 0 : sleeptime = 1
[LOG] Thread::callback                         : * FMOD Studio sample load thread started
[LOG] Thread::initThread                       : Initializing FMOD Studio bank load thread.  priority 0
[LOG] Thread::initThread                       : - Stacksize 65536.  Stack pointer 0000000000000000 : usesemaphore = 0 : sleeptime = 1
[LOG] Thread::callback                         : * FMOD Studio bank load thread started
[LOG] Manager::readBank                        : fileversion = 80, compatVersion = 70 (oldest = 44, newest = 80)
[LOG] SystemI::createSound                     : filename = ./FMOD project - DO NOT MODIFY/LD37\Build\Desktop/Music.bank : mode 02010082
[LOG] SystemI::createSound                     : FMOD_NONBLOCKING specified.  Putting into queue to be opened asynchronously!
[LOG] SystemI::createSound                     : setdata soundi = 000000000F9FDD68 : node = 000000000FA567E0
[LOG] SystemI::createSound                     : add node to async list : head = 0000000026EB1C68.  list count = 0
[LOG] AsyncThread::threadFunc                  : Starting Asynchronous operation on sound 000000000F9FDD68
[LOG] SystemI::createSoundInternal             :     filename = ./FMOD project - DO NOT MODIFY/LD37\Build\Desktop/Music.bank : mode 02010082
[LOG] SystemI::createSoundInternal             :     exinfo->cbsize             = 232
[LOG] SystemI::createSoundInternal             :     exinfo->length             = 6449728
[LOG] SystemI::createSoundInternal             :     exinfo->fileoffset         = 40512
[LOG] SystemI::createSoundInternal             :     exinfo->numsubsounds       = 1
[LOG] SystemI::createSoundInternal             :     exinfo->inclusionlist      = 000000000FA568F8
[LOG] SystemI::createSoundInternal             :     exinfo->inclusionlistnum   = 1
[LOG] SystemI::createSoundInternal             :     exinfo->suggestedsoundtype = 5
[LOG] SystemI::createSoundInternal             :     exinfo->initialseekposition = 4615
[LOG] SystemI::createSoundInternal             :     exinfo->initialseekpostype = 1
[LOG] SystemI::createSoundInternal             :     Format has 1 subsounds.
[LOG] SystemI::createSoundInternal             :     Create as FMOD_CREATESTREAM
[LOG] System::createSoundInternal              :     decode buffersize = 19200 : blocksize = 256 : format = 2
[LOG] SystemI::createSample                    :     mode 02010082 length 19200 samples, lengthbytes 685888
[LOG] SystemI::createSample                    :     channels = 2
[LOG] SystemI::createSample                    :     output = 000000002488C158
[LOG] OutputSoftware::createSample             :     lengthpcm 19200, lengthbytes 685888, channels 2, format 2, freq 48000, mode 0201008a
[LOG] System::createSoundInternal              :     1 subsounds detected.
[LOG] System::createSoundInternal              :     Seek stream to start
[LOG] System::createSoundInternal              :     flush stream buffer
[LOG] System::createSoundInternal              :     flush successful.
[LOG] System::createSoundInternal              :     switch file handle from small blocking single buffered to large nonblocking doublebuffered.
[LOG] SystemI::createSoundInternal             :     done.  OpenState now = FMOD_OPENSTATE_READY.

[LOG] AsyncThread::threadFunc                  : Finished Asynchronous operation on sound 000000000F9FDD68
[LOG] SoundI::getSubSound                      : sound 000000000F9FDD68.  Subsound index 0 / 1
[LOG] SoundI::release                          : Chords (000000000FACB2C8)
[LOG] SoundI::release                          : remove stream samples. (000000000FACB2C8)
[LOG] SoundI::release                          :     Chords (0000000026EE05B8)
[LOG] SoundI::release                          : release subsounds. (000000000FACB2C8)
[LOG] SoundI::release                          :     Chords (000000000FACB468)
[LOG] SoundI::release                          : release codec. (000000000FACB2C8)
[LOG] Manager::readBank                        : fileversion = 80, compatVersion = 70 (oldest = 44, newest = 80)
[LOG] SystemI::mixerSuspend                    : Suspending output.
[LOG] Manager::readBank                        : fileversion = 80, compatVersion = 70 (oldest = 44, newest = 80)
[LOG] SystemI::mixerResume                     : Resuming output.
[LOG] Manager::readBank                        : fileversion = 80, compatVersion = 70 (oldest = 44, newest = 80)
[LOG] SystemI::createSound                     : filename = ./FMOD project - DO NOT MODIFY/LD37\Build\Desktop/Music.bank : mode 02010082
[LOG] SystemI::createSound                     : FMOD_NONBLOCKING specified.  Putting into queue to be opened asynchronously!
[LOG] SystemI::createSound                     : setdata soundi = 000000000FACB2C8 : node = 000000000FA55430
[LOG] SystemI::createSound                     : add node to async list : head = 0000000026EB1C68.  list count = 0
[LOG] AsyncThread::threadFunc                  : Starting Asynchronous operation on sound 000000000FACB2C8
[LOG] SystemI::createSoundInternal             :     filename = ./FMOD project - DO NOT MODIFY/LD37\Build\Desktop/Music.bank : mode 02010082
[LOG] SystemI::createSoundInternal             :     exinfo->cbsize             = 232
[LOG] SystemI::createSoundInternal             :     exinfo->length             = 6449728
[LOG] SystemI::createSoundInternal             :     exinfo->fileoffset         = 40512
[LOG] SystemI::createSoundInternal             :     exinfo->numsubsounds       = 1
[LOG] SystemI::createSoundInternal             :     exinfo->inclusionlist      = 000000000FA55548
[LOG] SystemI::createSoundInternal             :     exinfo->inclusionlistnum   = 1
[LOG] SystemI::createSoundInternal             :     exinfo->suggestedsoundtype = 5
[LOG] SystemI::createSoundInternal             :     exinfo->initialseekposition = 4615
[LOG] SystemI::createSoundInternal             :     exinfo->initialseekpostype = 1
[LOG] SystemI::createSoundInternal             :     Format has 1 subsounds.
[LOG] SystemI::createSoundInternal             :     Create as FMOD_CREATESTREAM
[LOG] System::createSoundInternal              :     decode buffersize = 19200 : blocksize = 256 : format = 2
[LOG] SystemI::createSample                    :     mode 02010082 length 19200 samples, lengthbytes 685888
[LOG] SystemI::createSample                    :     channels = 2
[LOG] SystemI::createSample                    :     output = 000000002488C158
[LOG] OutputSoftware::createSample             :     lengthpcm 19200, lengthbytes 685888, channels 2, format 2, freq 48000, mode 0201008a
[LOG] System::createSoundInternal              :     1 subsounds detected.
[LOG] System::createSoundInternal              :     Seek stream to start
[LOG] System::createSoundInternal              :     flush stream buffer
[LOG] System::createSoundInternal              :     flush successful.
[LOG] System::createSoundInternal              :     switch file handle from small blocking single buffered to large nonblocking doublebuffered.
[LOG] SystemI::createSoundInternal             :     done.  OpenState now = FMOD_OPENSTATE_READY.

[LOG] AsyncThread::threadFunc                  : Finished Asynchronous operation on sound 000000000FACB2C8
[LOG] SoundI::getSubSound                      : sound 000000000FACB2C8.  Subsound index 0 / 1
[LOG] SoundI::release                          : Chords (000000000F9FDD68)
[LOG] SoundI::release                          : remove stream samples. (000000000F9FDD68)
[LOG] SoundI::release                          :     Chords (0000000026EDFF78)
[LOG] SoundI::release                          : release subsounds. (000000000F9FDD68)
[LOG] SoundI::release                          :     Chords (00000000004F9AC8)
[LOG] SoundI::release                          : release codec. (000000000F9FDD68)
[LOG] Manager::readBank                        : fileversion = 80, compatVersion = 70 (oldest = 44, newest = 80)
[LOG] SystemI::mixerSuspend                    : Suspending output.
[LOG] Manager::readBank                        : fileversion = 80, compatVersion = 70 (oldest = 44, newest = 80)
[LOG] SystemI::mixerResume                     : Resuming output.
[LOG] Manager::readBank                        : fileversion = 80, compatVersion = 70 (oldest = 44, newest = 80)
[LOG] SystemI::createSound                     : filename = ./FMOD project - DO NOT MODIFY/LD37\Build\Desktop/Music.bank : mode 02010082
[LOG] SystemI::createSound                     : FMOD_NONBLOCKING specified.  Putting into queue to be opened asynchronously!
[LOG] SystemI::createSound                     : setdata soundi = 000000000F9FDD68 : node = 000000000FA56000
[LOG] SystemI::createSound                     : add node to async list : head = 0000000026EB1C68.  list count = 0
[LOG] AsyncThread::threadFunc                  : Starting Asynchronous operation on sound 000000000F9FDD68
[LOG] SystemI::createSoundInternal             :     filename = ./FMOD project - DO NOT MODIFY/LD37\Build\Desktop/Music.bank : mode 02010082
[LOG] SystemI::createSoundInternal             :     exinfo->cbsize             = 232
[LOG] SystemI::createSoundInternal             :     exinfo->length             = 6449728
[LOG] SystemI::createSoundInternal             :     exinfo->fileoffset         = 40512
[LOG] SystemI::createSoundInternal             :     exinfo->numsubsounds       = 1
[LOG] SystemI::createSoundInternal             :     exinfo->inclusionlist      = 000000000FA56118
[LOG] SystemI::createSoundInternal             :     exinfo->inclusionlistnum   = 1
[LOG] SystemI::createSoundInternal             :     exinfo->suggestedsoundtype = 5
[LOG] SystemI::createSoundInternal             :     exinfo->initialseekposition = 4615
[LOG] SystemI::createSoundInternal             :     exinfo->initialseekpostype = 1
[LOG] SystemI::createSoundInternal             :     Format has 1 subsounds.
[LOG] SystemI::createSoundInternal             :     Create as FMOD_CREATESTREAM
[LOG] System::createSoundInternal              :     decode buffersize = 19200 : blocksize = 256 : format = 2
[LOG] SystemI::createSample                    :     mode 02010082 length 19200 samples, lengthbytes 685888
[LOG] SystemI::createSample                    :     channels = 2
[LOG] SystemI::createSample                    :     output = 000000002488C158
[LOG] OutputSoftware::createSample             :     lengthpcm 19200, lengthbytes 685888, channels 2, format 2, freq 48000, mode 0201008a
[LOG] System::createSoundInternal              :     1 subsounds detected.
[LOG] System::createSoundInternal              :     Seek stream to start
[LOG] System::createSoundInternal              :     flush stream buffer
[LOG] System::createSoundInternal              :     flush successful.
[LOG] System::createSoundInternal              :     switch file handle from small blocking single buffered to large nonblocking doublebuffered.
[LOG] SystemI::createSoundInternal             :     done.  OpenState now = FMOD_OPENSTATE_READY.

[LOG] AsyncThread::threadFunc                  : Finished Asynchronous operation on sound 000000000F9FDD68
[LOG] SoundI::getSubSound                      : sound 000000000F9FDD68.  Subsound index 0 / 1
[LOG] SoundI::release                          : Chords (000000000FACB2C8)
[LOG] SoundI::release                          : remove stream samples. (000000000FACB2C8)
[LOG] SoundI::release                          :     Chords (0000000026EE0428)
[LOG] SoundI::release                          : release subsounds. (000000000FACB2C8)
[LOG] SoundI::release                          :     Chords (000000000FACB468)
[LOG] SoundI::release                          : release codec. (000000000FACB2C8)
[LOG] Manager::readBank                        : fileversion = 80, compatVersion = 70 (oldest = 44, newest = 80)
[LOG] Manager::readBank                        : fileversion = 80, compatVersion = 70 (oldest = 44, newest = 80)
[LOG] SystemI::createSound                     : filename = ./FMOD project - DO NOT MODIFY/LD37\Build\Desktop/Music.bank : mode 02010082
[LOG] SystemI::createSound                     : FMOD_NONBLOCKING specified.  Putting into queue to be opened asynchronously!
[LOG] SystemI::createSound                     : setdata soundi = 000000000FACB2C8 : node = 000000000FA56150
[LOG] SystemI::createSound                     : add node to async list : head = 0000000026EB1C68.  list count = 0
[LOG] AsyncThread::threadFunc                  : Starting Asynchronous operation on sound 000000000FACB2C8
[LOG] SystemI::createSoundInternal             :     filename = ./FMOD project - DO NOT MODIFY/LD37\Build\Desktop/Music.bank : mode 02010082
[LOG] SystemI::createSoundInternal             :     exinfo->cbsize             = 232
[LOG] SystemI::createSoundInternal             :     exinfo->length             = 6449728
[LOG] SystemI::createSoundInternal             :     exinfo->fileoffset         = 40512
[LOG] SystemI::createSoundInternal             :     exinfo->numsubsounds       = 1
[LOG] SystemI::createSoundInternal             :     exinfo->inclusionlist      = 000000000FA56268
[LOG] SystemI::createSoundInternal             :     exinfo->inclusionlistnum   = 1
[LOG] SystemI::createSoundInternal             :     exinfo->suggestedsoundtype = 5
[LOG] SystemI::createSoundInternal             :     exinfo->initialseekposition = 4615
[LOG] SystemI::createSoundInternal             :     exinfo->initialseekpostype = 1
[LOG] SystemI::createSoundInternal             :     Format has 1 subsounds.
[LOG] SystemI::createSoundInternal             :     Create as FMOD_CREATESTREAM
[LOG] System::createSoundInternal              :     decode buffersize = 19200 : blocksize = 256 : format = 2
[LOG] SystemI::createSample                    :     mode 02010082 length 19200 samples, lengthbytes 685888
[LOG] SystemI::createSample                    :     channels = 2
[LOG] SystemI::createSample                    :     output = 000000002488C158
[LOG] OutputSoftware::createSample             :     lengthpcm 19200, lengthbytes 685888, channels 2, format 2, freq 48000, mode 0201008a
[LOG] System::createSoundInternal              :     1 subsounds detected.
[LOG] System::createSoundInternal              :     Seek stream to start
[LOG] System::createSoundInternal              :     flush stream buffer
[LOG] System::createSoundInternal              :     flush successful.
[LOG] System::createSoundInternal              :     switch file handle from small blocking single buffered to large nonblocking doublebuffered.
[LOG] SystemI::createSoundInternal             :     done.  OpenState now = FMOD_OPENSTATE_READY.

[LOG] AsyncThread::threadFunc                  : Finished Asynchronous operation on sound 000000000FACB2C8
[LOG] SoundI::getSubSound                      : sound 000000000FACB2C8.  Subsound index 0 / 1
[LOG] SoundI::release                          : Chords (000000000F9FDD68)
[LOG] SoundI::release                          : remove stream samples. (000000000F9FDD68)
[LOG] SoundI::release                          :     Chords (0000000026EDF7A8)
[LOG] SoundI::release                          : release subsounds. (000000000F9FDD68)
[LOG] SoundI::release                          :     Chords (00000000004F9AC8)
[LOG] SoundI::release                          : release codec. (000000000F9FDD68)
[LOG] Manager::readBank                        : fileversion = 80, compatVersion = 70 (oldest = 44, newest = 80)
[LOG] SystemI::createSound                     : filename = ./FMOD project - DO NOT MODIFY/LD37\Build\Desktop/Music.bank : mode 02010082
[LOG] SystemI::createSound                     : FMOD_NONBLOCKING specified.  Putting into queue to be opened asynchronously!
[LOG] SystemI::createSound                     : setdata soundi = 00000000004F9AC8 : node = 000000000FA54DA0
[LOG] SystemI::createSound                     : add node to async list : head = 0000000026EB1C68.  list count = 0
[LOG] AsyncThread::threadFunc                  : Starting Asynchronous operation on sound 00000000004F9AC8
[LOG] SystemI::createSoundInternal             :     filename = ./FMOD project - DO NOT MODIFY/LD37\Build\Desktop/Music.bank : mode 02010082
[LOG] SystemI::createSoundInternal             :     exinfo->cbsize             = 232
[LOG] SystemI::createSoundInternal             :     exinfo->length             = 6449728
[LOG] SystemI::createSoundInternal             :     exinfo->fileoffset         = 40512
[LOG] SystemI::createSoundInternal             :     exinfo->numsubsounds       = 1
[LOG] SystemI::createSoundInternal             :     exinfo->inclusionlist      = 000000000FA54EB8
[LOG] SystemI::createSoundInternal             :     exinfo->inclusionlistnum   = 1
[LOG] SystemI::createSoundInternal             :     exinfo->suggestedsoundtype = 5
[LOG] SystemI::createSoundInternal             :     exinfo->initialseekpostype = 1
[LOG] SystemI::createSoundInternal             :     Format has 1 subsounds.
[LOG] SystemI::createSoundInternal             :     Create as FMOD_CREATESTREAM
[LOG] System::createSoundInternal              :     decode buffersize = 19200 : blocksize = 256 : format = 2
[LOG] SystemI::createSample                    :     mode 02010082 length 19200 samples, lengthbytes 2200448
[LOG] SystemI::createSample                    :     channels = 2
[LOG] SystemI::createSample                    :     output = 000000002488C158
[LOG] OutputSoftware::createSample             :     lengthpcm 19200, lengthbytes 2200448, channels 2, format 2, freq 48000, mode 0201008a
[LOG] System::createSoundInternal              :     1 subsounds detected.
[LOG] System::createSoundInternal              :     Seek stream to start
[LOG] System::createSoundInternal              :     flush stream buffer
[LOG] System::createSoundInternal              :     flush successful.
[LOG] System::createSoundInternal              :     switch file handle from small blocking single buffered to large nonblocking doublebuffered.
[LOG] SystemI::createSoundInternal             :     done.  OpenState now = FMOD_OPENSTATE_READY.

[LOG] AsyncThread::threadFunc                  : Finished Asynchronous operation on sound 00000000004F9AC8
[LOG] SoundI::getSubSound                      : sound 00000000004F9AC8.  Subsound index 0 / 1
[LOG] SystemI::createSoundInternal             : filename =  : mode 02000202
[LOG] SystemI::createSoundInternal             : exinfo->cbsize             = 232
[LOG] SystemI::createSoundInternal             : exinfo->length             = 275936
[LOG] SystemI::createSoundInternal             : exinfo->fileoffset         = 16448
[LOG] SystemI::createSoundInternal             : exinfo->numsubsounds       = 1
[LOG] SystemI::createSoundInternal             : exinfo->inclusionlist      = 000000002901FB38
[LOG] SystemI::createSoundInternal             : exinfo->inclusionlistnum   = 1
[LOG] SystemI::createSoundInternal             : exinfo->suggestedsoundtype = 5
[LOG] SystemI::createSoundInternal             : exinfo->useropen           = 000007F91E9C5130
[LOG] SystemI::createSoundInternal             : exinfo->userclose          = 000007F91E9C5100
[LOG] SystemI::createSoundInternal             : exinfo->userread           = 000007F91E9C5200
[LOG] SystemI::createSoundInternal             : exinfo->userseek           = 000007F91E9C52B0
[LOG] SystemI::createSoundInternal             : exinfo->fileuserdata       = 0000000027088E78
[LOG] SystemI::createSoundInternal             : exinfo->initialseekpostype = 1
[LOG] SystemI::createSoundInternal             : Format has 1 subsounds.
[LOG] SystemI::createSoundInternal             : Create as FMOD_CREATESAMPLE
[LOG] SystemI::createSoundInternal             : Multi-sample sound (1 subsounds), create a sample container.
[LOG] SystemI::createSoundInternal             : creating subsound 0/1
[LOG] SystemI::createSample                    : mode 02000202 length 48160 samples, lengthbytes 8512
[LOG] SystemI::createSample                    : channels = 1
[LOG] SystemI::createSample                    : output = 000000002488C158
[LOG] OutputSoftware::createSample             : lengthpcm 48160, lengthbytes 8512, channels 1, format 2, freq 48000, mode 0200020a
[LOG] SystemI::createSoundInternal             : No name found in file, use filename.
[LOG] SystemI::createSoundInternal             : done.  OpenState now = FMOD_OPENSTATE_READY.

[LOG] SystemI::createSoundInternal             : filename =  : mode 02000202
[LOG] SystemI::createSoundInternal             : exinfo->cbsize             = 232
[LOG] SystemI::createSoundInternal             : exinfo->length             = 275936
[LOG] SystemI::createSoundInternal             : exinfo->fileoffset         = 16448
[LOG] SystemI::createSoundInternal             : exinfo->numsubsounds       = 1
[LOG] SystemI::createSoundInternal             : exinfo->inclusionlist      = 000000002901FB38
[LOG] SystemI::createSoundInternal             : exinfo->inclusionlistnum   = 1
[LOG] SystemI::createSoundInternal             : exinfo->suggestedsoundtype = 5
[LOG] SystemI::createSoundInternal             : exinfo->useropen           = 000007F91E9C5130
[LOG] SystemI::createSoundInternal             : exinfo->userclose          = 000007F91E9C5100
[LOG] SystemI::createSoundInternal             : exinfo->userread           = 000007F91E9C5200
[LOG] SystemI::createSoundInternal             : exinfo->userseek           = 000007F91E9C52B0
[LOG] SystemI::createSoundInternal             : exinfo->fileuserdata       = 0000000027088E78
[LOG] SystemI::createSoundInternal             : exinfo->initialseekpostype = 1
[LOG] SystemI::createSoundInternal             : Format has 1 subsounds.
[LOG] SystemI::createSoundInternal             : Create as FMOD_CREATESAMPLE
[LOG] SystemI::createSoundInternal             : Multi-sample sound (1 subsounds), create a sample container.
[LOG] SystemI::createSoundInternal             : creating subsound 0/1
[LOG] SystemI::createSample                    : mode 02000202 length 82566 samples, lengthbytes 13024
[LOG] SystemI::createSample                    : channels = 1
[LOG] SystemI::createSample                    : output = 000000002488C158
[LOG] OutputSoftware::createSample             : lengthpcm 82566, lengthbytes 13024, channels 1, format 2, freq 48000, mode 0200020a
[LOG] SystemI::createSoundInternal             : No name found in file, use filename.
[LOG] SystemI::createSoundInternal             : done.  OpenState now = FMOD_OPENSTATE_READY.

[LOG] SystemI::createSoundInternal             : filename =  : mode 02000202
[LOG] SystemI::createSoundInternal             : exinfo->cbsize             = 232
[LOG] SystemI::createSoundInternal             : exinfo->length             = 275936
[LOG] SystemI::createSoundInternal             : exinfo->fileoffset         = 16448
[LOG] SystemI::createSoundInternal             : exinfo->numsubsounds       = 1
[LOG] SystemI::createSoundInternal             : exinfo->inclusionlist      = 000000002901FB38
[LOG] SystemI::createSoundInternal             : exinfo->inclusionlistnum   = 1
[LOG] SystemI::createSoundInternal             : exinfo->suggestedsoundtype = 5
[LOG] SystemI::createSoundInternal             : exinfo->useropen           = 000007F91E9C5130
[LOG] SystemI::createSoundInternal             : exinfo->userclose          = 000007F91E9C5100
[LOG] SystemI::createSoundInternal             : exinfo->userread           = 000007F91E9C5200
[LOG] SystemI::createSoundInternal             : exinfo->userseek           = 000007F91E9C52B0
[LOG] SystemI::createSoundInternal             : exinfo->fileuserdata       = 0000000027088E78
[LOG] SystemI::createSoundInternal             : exinfo->initialseekpostype = 1
[LOG] SystemI::createSoundInternal             : Format has 1 subsounds.
[LOG] SystemI::createSoundInternal             : Create as FMOD_CREATESAMPLE
[LOG] SystemI::createSoundInternal             : Multi-sample sound (1 subsounds), create a sample container.
[LOG] SystemI::createSoundInternal             : creating subsound 0/1
[LOG] SystemI::createSample                    : mode 02000202 length 31365 samples, lengthbytes 6080
[LOG] SystemI::createSample                    : channels = 1
[LOG] SystemI::createSample                    : output = 000000002488C158
[LOG] OutputSoftware::createSample             : lengthpcm 31365, lengthbytes 6080, channels 1, format 2, freq 48000, mode 0200020a
[LOG] SystemI::createSoundInternal             : No name found in file, use filename.
[LOG] SystemI::createSoundInternal             : done.  OpenState now = FMOD_OPENSTATE_READY.

[LOG] SystemI::createSoundInternal             : filename =  : mode 02000202
[LOG] SystemI::createSoundInternal             : exinfo->cbsize             = 232
[LOG] SystemI::createSoundInternal             : exinfo->length             = 275936
[LOG] SystemI::createSoundInternal             : exinfo->fileoffset         = 16448
[LOG] SystemI::createSoundInternal             : exinfo->numsubsounds       = 1
[LOG] SystemI::createSoundInternal             : exinfo->inclusionlist      = 000000002901FB38
[LOG] SystemI::createSoundInternal             : exinfo->inclusionlistnum   = 1
[LOG] SystemI::createSoundInternal             : exinfo->suggestedsoundtype = 5
[LOG] SystemI::createSoundInternal             : exinfo->useropen           = 000007F91E9C5130
[LOG] SystemI::createSoundInternal             : exinfo->userclose          = 000007F91E9C5100
[LOG] SystemI::createSoundInternal             : exinfo->userread           = 000007F91E9C5200
[LOG] SystemI::createSoundInternal             : exinfo->userseek           = 000007F91E9C52B0
[LOG] SystemI::createSoundInternal             : exinfo->fileuserdata       = 0000000027088E78
[LOG] SystemI::createSoundInternal             : exinfo->initialseekpostype = 1
[LOG] SystemI::createSoundInternal             : Format has 1 subsounds.
[LOG] SystemI::createSoundInternal             : Create as FMOD_CREATESAMPLE
[LOG] SystemI::createSoundInternal             : Multi-sample sound (1 subsounds), create a sample container.
[LOG] SystemI::createSoundInternal             : creating subsound 0/1
[LOG] SystemI::createSample                    : mode 02000202 length 13040 samples, lengthbytes 2912
[LOG] SystemI::createSample                    : channels = 1
[LOG] SystemI::createSample                    : output = 000000002488C158
[LOG] OutputSoftware::createSample             : lengthpcm 13040, lengthbytes 2912, channels 1, format 2, freq 48000, mode 0200020a
[LOG] SystemI::createSoundInternal             : No name found in file, use filename.
[LOG] SystemI::createSoundInternal             : done.  OpenState now = FMOD_OPENSTATE_READY.

[LOG] SystemI::createSoundInternal             : filename =  : mode 02000202
[LOG] SystemI::createSoundInternal             : exinfo->cbsize             = 232
[LOG] SystemI::createSoundInternal             : exinfo->length             = 275936
[LOG] SystemI::createSoundInternal             : exinfo->fileoffset         = 16448
[LOG] SystemI::createSoundInternal             : exinfo->numsubsounds       = 1
[LOG] SystemI::createSoundInternal             : exinfo->inclusionlist      = 000000002901FB38
[LOG] SystemI::createSoundInternal             : exinfo->inclusionlistnum   = 1
[LOG] SystemI::createSoundInternal             : exinfo->suggestedsoundtype = 5
[LOG] SystemI::createSoundInternal             : exinfo->useropen           = 000007F91E9C5130
[LOG] SystemI::createSoundInternal             : exinfo->userclose          = 000007F91E9C5100
[LOG] SystemI::createSoundInternal             : exinfo->userread           = 000007F91E9C5200
[LOG] SystemI::createSoundInternal             : exinfo->userseek           = 000007F91E9C52B0
[LOG] SystemI::createSoundInternal             : exinfo->fileuserdata       = 0000000027088E78
[LOG] SystemI::createSoundInternal             : exinfo->initialseekpostype = 1
[LOG] SystemI::createSoundInternal             : Format has 1 subsounds.
[LOG] SystemI::createSoundInternal             : Create as FMOD_CREATESAMPLE
[LOG] SystemI::createSoundInternal             : Multi-sample sound (1 subsounds), create a sample container.
[LOG] SystemI::createSoundInternal             : creating subsound 0/1
[LOG] SystemI::createSample                    : mode 02000202 length 45056 samples, lengthbytes 7936
[LOG] SystemI::createSample                    : channels = 1
[LOG] SystemI::createSample                    : output = 000000002488C158
[LOG] OutputSoftware::createSample             : lengthpcm 45056, lengthbytes 7936, channels 1, format 2, freq 48000, mode 0200020a
[LOG] SystemI::createSoundInternal             : No name found in file, use filename.
[LOG] SystemI::createSoundInternal             : done.  OpenState now = FMOD_OPENSTATE_READY.

[LOG] SystemI::createSoundInternal             : filename =  : mode 02000202
[LOG] SystemI::createSoundInternal             : exinfo->cbsize             = 232
[LOG] SystemI::createSoundInternal             : exinfo->length             = 275936
[LOG] SystemI::createSoundInternal             : exinfo->fileoffset         = 16448
[LOG] SystemI::createSoundInternal             : exinfo->numsubsounds       = 1
[LOG] SystemI::createSoundInternal             : exinfo->inclusionlist      = 000000002901FB38
[LOG] SystemI::createSoundInternal             : exinfo->inclusionlistnum   = 1
[LOG] SystemI::createSoundInternal             : exinfo->suggestedsoundtype = 5
[LOG] SystemI::createSoundInternal             : exinfo->useropen           = 000007F91E9C5130
[LOG] SystemI::createSoundInternal             : exinfo->userclose          = 000007F91E9C5100
[LOG] SystemI::createSoundInternal             : exinfo->userread           = 000007F91E9C5200
[LOG] SystemI::createSoundInternal             : exinfo->userseek           = 000007F91E9C52B0
[LOG] SystemI::createSoundInternal             : exinfo->fileuserdata       = 0000000027088E78
[LOG] SystemI::createSoundInternal             : exinfo->initialseekpostype = 1
[LOG] SystemI::createSoundInternal             : Format has 1 subsounds.
[LOG] SystemI::createSoundInternal             : Create as FMOD_CREATESAMPLE
[LOG] SystemI::createSoundInternal             : Multi-sample sound (1 subsounds), create a sample container.
[LOG] SystemI::createSoundInternal             : creating subsound 0/1
[LOG] SystemI::createSample                    : mode 02000202 length 53761 samples, lengthbytes 9376
[LOG] SystemI::createSample                    : channels = 1
[LOG] SystemI::createSample                    : output = 000000002488C158
[LOG] OutputSoftware::createSample             : lengthpcm 53761, lengthbytes 9376, channels 1, format 2, freq 48000, mode 0200020a
[LOG] SystemI::createSoundInternal             : No name found in file, use filename.
[LOG] SystemI::createSoundInternal             : done.  OpenState now = FMOD_OPENSTATE_READY.

[LOG] SystemI::createSoundInternal             : filename =  : mode 02000202
[LOG] SystemI::createSoundInternal             : exinfo->cbsize             = 232
[LOG] SystemI::createSoundInternal             : exinfo->length             = 275936
[LOG] SystemI::createSoundInternal             : exinfo->fileoffset         = 16448
[LOG] SystemI::createSoundInternal             : exinfo->numsubsounds       = 1
[LOG] SystemI::createSoundInternal             : exinfo->inclusionlist      = 000000002901FB38
[LOG] SystemI::createSoundInternal             : exinfo->inclusionlistnum   = 1
[LOG] SystemI::createSoundInternal             : exinfo->suggestedsoundtype = 5
[LOG] SystemI::createSoundInternal             : exinfo->useropen           = 000007F91E9C5130
[LOG] SystemI::createSoundInternal             : exinfo->userclose          = 000007F91E9C5100
[LOG] SystemI::createSoundInternal             : exinfo->userread           = 000007F91E9C5200
[LOG] SystemI::createSoundInternal             : exinfo->userseek           = 000007F91E9C52B0
[LOG] SystemI::createSoundInternal             : exinfo->fileuserdata       = 0000000027088E78
[LOG] SystemI::createSoundInternal             : exinfo->initialseekpostype = 1
[LOG] SystemI::createSoundInternal             : Format has 1 subsounds.
[LOG] SystemI::createSoundInternal             : Create as FMOD_CREATESAMPLE
[LOG] SystemI::createSoundInternal             : Multi-sample sound (1 subsounds), create a sample container.
[LOG] SystemI::createSoundInternal             : creating subsound 0/1
[LOG] SystemI::createSample                    : mode 02000202 length 30193 samples, lengthbytes 5440
[LOG] SystemI::createSample                    : channels = 1
[LOG] SystemI::createSample                    : output = 000000002488C158
[LOG] OutputSoftware::createSample             : lengthpcm 30193, lengthbytes 5440, channels 1, format 2, freq 48000, mode 0200020a
[LOG] SystemI::createSoundInternal             : No name found in file, use filename.
[LOG] SystemI::createSoundInternal             : done.  OpenState now = FMOD_OPENSTATE_READY.

[LOG] SystemI::createSoundInternal             : filename =  : mode 02000202
[LOG] SystemI::createSoundInternal             : exinfo->cbsize             = 232
[LOG] SystemI::createSoundInternal             : exinfo->length             = 275936
[LOG] SystemI::createSoundInternal             : exinfo->fileoffset         = 16448
[LOG] SystemI::createSoundInternal             : exinfo->numsubsounds       = 1
[LOG] SystemI::createSoundInternal             : exinfo->inclusionlist      = 000000002901FB38
[LOG] SystemI::createSoundInternal             : exinfo->inclusionlistnum   = 1
[LOG] SystemI::createSoundInternal             : exinfo->suggestedsoundtype = 5
[LOG] SystemI::createSoundInternal             : exinfo->useropen           = 000007F91E9C5130
[LOG] SystemI::createSoundInternal             : exinfo->userclose          = 000007F91E9C5100
[LOG] SystemI::createSoundInternal             : exinfo->userread           = 000007F91E9C5200
[LOG] SystemI::createSoundInternal             : exinfo->userseek           = 000007F91E9C52B0
[LOG] SystemI::createSoundInternal             : exinfo->fileuserdata       = 0000000027088E78
[LOG] SystemI::createSoundInternal             : exinfo->initialseekpostype = 1
[LOG] SystemI::createSoundInternal             : Format has 1 subsounds.
[LOG] SystemI::createSoundInternal             : Create as FMOD_CREATESAMPLE
[LOG] SystemI::createSoundInternal             : Multi-sample sound (1 subsounds), create a sample container.
[LOG] SystemI::createSoundInternal             : creating subsound 0/1
[LOG] SystemI::createSample                    : mode 02000202 length 21778 samples, lengthbytes 4000
[LOG] SystemI::createSample                    : channels = 1
[LOG] SystemI::createSample                    : output = 000000002488C158
[LOG] OutputSoftware::createSample             : lengthpcm 21778, lengthbytes 4000, channels 1, format 2, freq 48000, mode 0200020a
[LOG] SystemI::createSoundInternal             : No name found in file, use filename.
[LOG] SystemI::createSoundInternal             : done.  OpenState now = FMOD_OPENSTATE_READY.

[LOG] SystemI::createSoundInternal             : filename =  : mode 02000202
[LOG] SystemI::createSoundInternal             : exinfo->cbsize             = 232
[LOG] SystemI::createSoundInternal             : exinfo->length             = 275936
[LOG] SystemI::createSoundInternal             : exinfo->fileoffset         = 16448
[LOG] SystemI::createSoundInternal             : exinfo->numsubsounds       = 1
[LOG] SystemI::createSoundInternal             : exinfo->inclusionlist      = 000000002901FB38
[LOG] SystemI::createSoundInternal             : exinfo->inclusionlistnum   = 1
[LOG] SystemI::createSoundInternal             : exinfo->suggestedsoundtype = 5
[LOG] SystemI::createSoundInternal             : exinfo->useropen           = 000007F91E9C5130
[LOG] SystemI::createSoundInternal             : exinfo->userclose          = 000007F91E9C5100
[LOG] SystemI::createSoundInternal             : exinfo->userread           = 000007F91E9C5200
[LOG] SystemI::createSoundInternal             : exinfo->userseek           = 000007F91E9C52B0
[LOG] SystemI::createSoundInternal             : exinfo->fileuserdata       = 0000000027088E78
[LOG] SystemI::createSoundInternal             : exinfo->initialseekpostype = 1
[LOG] SystemI::createSoundInternal             : Format has 1 subsounds.
[LOG] SystemI::createSoundInternal             : Create as FMOD_CREATESAMPLE
[LOG] SystemI::createSoundInternal             : Multi-sample sound (1 subsounds), create a sample container.
[LOG] SystemI::createSoundInternal             : creating subsound 0/1
[LOG] SystemI::createSample                    : mode 02000202 length 38497 samples, lengthbytes 6720
[LOG] SystemI::createSample                    : channels = 1
[LOG] SystemI::createSample                    : output = 000000002488C158
[LOG] OutputSoftware::createSample             : lengthpcm 38497, lengthbytes 6720, channels 1, format 2, freq 48000, mode 0200020a
[LOG] SystemI::createSoundInternal             : No name found in file, use filename.
[LOG] SystemI::createSoundInternal             : done.  OpenState now = FMOD_OPENSTATE_READY.

[LOG] SystemI::createSoundInternal             : filename =  : mode 02000202
[LOG] SystemI::createSoundInternal             : exinfo->cbsize             = 232
[LOG] SystemI::createSoundInternal             : exinfo->length             = 275936
[LOG] SystemI::createSoundInternal             : exinfo->fileoffset         = 16448
[LOG] SystemI::createSoundInternal             : exinfo->numsubsounds       = 1
[LOG] SystemI::createSoundInternal             : exinfo->inclusionlist      = 000000002901FB38
[LOG] SystemI::createSoundInternal             : exinfo->inclusionlistnum   = 1
[LOG] SystemI::createSoundInternal             : exinfo->suggestedsoundtype = 5
[LOG] SystemI::createSoundInternal             : exinfo->useropen           = 000007F91E9C5130
[LOG] SystemI::createSoundInternal             : exinfo->userclose          = 000007F91E9C5100
[LOG] SystemI::createSoundInternal             : exinfo->userread           = 000007F91E9C5200
[LOG] SystemI::createSoundInternal             : exinfo->userseek           = 000007F91E9C52B0
[LOG] SystemI::createSoundInternal             : exinfo->fileuserdata       = 0000000027088E78
[LOG] SystemI::createSoundInternal             : exinfo->initialseekpostype = 1
[LOG] SystemI::createSoundInternal             : Format has 1 subsounds.
[LOG] SystemI::createSoundInternal             : Create as FMOD_CREATESAMPLE
[LOG] SystemI::createSoundInternal             : Multi-sample sound (1 subsounds), create a sample container.
[LOG] SystemI::createSoundInternal             : creating subsound 0/1
[LOG] SystemI::createSample                    : mode 02000202 length 24720 samples, lengthbytes 4864
[LOG] SystemI::createSample                    : channels = 1
[LOG] SystemI::createSample                    : output = 000000002488C158
[LOG] OutputSoftware::createSample             : lengthpcm 24720, lengthbytes 4864, channels 1, format 2, freq 48000, mode 0200020a
[LOG] SystemI::createSoundInternal             : No name found in file, use filename.
[LOG] SystemI::createSoundInternal             : done.  OpenState now = FMOD_OPENSTATE_READY.

[LOG] SystemI::createSoundInternal             : filename =  : mode 02000202
[LOG] SystemI::createSoundInternal             : exinfo->cbsize             = 232
[LOG] SystemI::createSoundInternal             : exinfo->length             = 275936
[LOG] SystemI::createSoundInternal             : exinfo->fileoffset         = 16448
[LOG] SystemI::createSoundInternal             : exinfo->numsubsounds       = 1
[LOG] SystemI::createSoundInternal             : exinfo->inclusionlist      = 000000002901FB38
[LOG] SystemI::createSoundInternal             : exinfo->inclusionlistnum   = 1
[LOG] SystemI::createSoundInternal             : exinfo->suggestedsoundtype = 5
[LOG] SystemI::createSoundInternal             : exinfo->useropen           = 000007F91E9C5130
[LOG] SystemI::createSoundInternal             : exinfo->userclose          = 000007F91E9C5100
[LOG] SystemI::createSoundInternal             : exinfo->userread           = 000007F91E9C5200
[LOG] SystemI::createSoundInternal             : exinfo->userseek           = 000007F91E9C52B0
[LOG] SystemI::createSoundInternal             : exinfo->fileuserdata       = 0000000027088E78
[LOG] SystemI::createSoundInternal             : exinfo->initialseekpostype = 1
[LOG] SystemI::createSoundInternal             : Format has 1 subsounds.
[LOG] SystemI::createSoundInternal             : Create as FMOD_CREATESAMPLE
[LOG] SystemI::createSoundInternal             : Multi-sample sound (1 subsounds), create a sample container.
[LOG] SystemI::createSoundInternal             : creating subsound 0/1
[LOG] SystemI::createSample                    : mode 02000202 length 36161 samples, lengthbytes 7104
[LOG] SystemI::createSample                    : channels = 1
[LOG] SystemI::createSample                    : output = 000000002488C158
[LOG] OutputSoftware::createSample             : lengthpcm 36161, lengthbytes 7104, channels 1, format 2, freq 48000, mode 0200020a
[LOG] SystemI::createSoundInternal             : No name found in file, use filename.
[LOG] SystemI::createSoundInternal             : done.  OpenState now = FMOD_OPENSTATE_READY.

[LOG] SystemI::createSoundInternal             : filename =  : mode 02000202
[LOG] SystemI::createSoundInternal             : exinfo->cbsize             = 232
[LOG] SystemI::createSoundInternal             : exinfo->length             = 275936
[LOG] SystemI::createSoundInternal             : exinfo->fileoffset         = 16448
[LOG] SystemI::createSoundInternal             : exinfo->numsubsounds       = 1
[LOG] SystemI::createSoundInternal             : exinfo->inclusionlist      = 000000002901FB38
[LOG] SystemI::createSoundInternal             : exinfo->inclusionlistnum   = 1
[LOG] SystemI::createSoundInternal             : exinfo->suggestedsoundtype = 5
[LOG] SystemI::createSoundInternal             : exinfo->useropen           = 000007F91E9C5130
[LOG] SystemI::createSoundInternal             : exinfo->userclose          = 000007F91E9C5100
[LOG] SystemI::createSoundInternal             : exinfo->userread           = 000007F91E9C5200
[LOG] SystemI::createSoundInternal             : exinfo->userseek           = 000007F91E9C52B0
[LOG] SystemI::createSoundInternal             : exinfo->fileuserdata       = 0000000027088E78
[LOG] SystemI::createSoundInternal             : exinfo->initialseekpostype = 1
[LOG] SystemI::createSoundInternal             : Format has 1 subsounds.
[LOG] SystemI::createSoundInternal             : Create as FMOD_CREATESAMPLE
[LOG] SystemI::createSoundInternal             : Multi-sample sound (1 subsounds), create a sample container.
[LOG] SystemI::createSoundInternal             : creating subsound 0/1
[LOG] SystemI::createSample                    : mode 02000202 length 20388 samples, lengthbytes 3776
[LOG] SystemI::createSample                    : channels = 1
[LOG] SystemI::createSample                    : output = 000000002488C158
[LOG] OutputSoftware::createSample             : lengthpcm 20388, lengthbytes 3776, channels 1, format 2, freq 48000, mode 0200020a
[LOG] SystemI::createSoundInternal             : No name found in file, use filename.
[LOG] SystemI::createSoundInternal             : done.  OpenState now = FMOD_OPENSTATE_READY.

[LOG] SystemI::createSoundInternal             : filename =  : mode 02000202
[LOG] SystemI::createSoundInternal             : exinfo->cbsize             = 232
[LOG] SystemI::createSoundInternal             : exinfo->length             = 275936
[LOG] SystemI::createSoundInternal             : exinfo->fileoffset         = 16448
[LOG] SystemI::createSoundInternal             : exinfo->numsubsounds       = 1
[LOG] SystemI::createSoundInternal             : exinfo->inclusionlist      = 000000002901FB38
[LOG] SystemI::createSoundInternal             : exinfo->inclusionlistnum   = 1
[LOG] SystemI::createSoundInternal             : exinfo->suggestedsoundtype = 5
[LOG] SystemI::createSoundInternal             : exinfo->useropen           = 000007F91E9C5130
[LOG] SystemI::createSoundInternal             : exinfo->userclose          = 000007F91E9C5100
[LOG] SystemI::createSoundInternal             : exinfo->userread           = 000007F91E9C5200
[LOG] SystemI::createSoundInternal             : exinfo->userseek           = 000007F91E9C52B0
[LOG] SystemI::createSoundInternal             : exinfo->fileuserdata       = 0000000027088E78
[LOG] SystemI::createSoundInternal             : exinfo->initialseekpostype = 1
[LOG] SystemI::createSoundInternal             : Format has 1 subsounds.
[LOG] SystemI::createSoundInternal             : Create as FMOD_CREATESAMPLE
[LOG] SystemI::createSoundInternal             : Multi-sample sound (1 subsounds), create a sample container.
[LOG] SystemI::createSoundInternal             : creating subsound 0/1
[LOG] SystemI::createSample                    : mode 02000202 length 23621 samples, lengthbytes 4288
[LOG] SystemI::createSample                    : channels = 1
[LOG] SystemI::createSample                    : output = 000000002488C158
[LOG] OutputSoftware::createSample             : lengthpcm 23621, lengthbytes 4288, channels 1, format 2, freq 48000, mode 0200020a
[LOG] SystemI::createSoundInternal             : No name found in file, use filename.
[LOG] SystemI::createSoundInternal             : done.  OpenState now = FMOD_OPENSTATE_READY.

[LOG] SystemI::createSoundInternal             : filename =  : mode 02000202
[LOG] SystemI::createSoundInternal             : exinfo->cbsize             = 232
[LOG] SystemI::createSoundInternal             : exinfo->length             = 275936
[LOG] SystemI::createSoundInternal             : exinfo->fileoffset         = 16448
[LOG] SystemI::createSoundInternal             : exinfo->numsubsounds       = 1
[LOG] SystemI::createSoundInternal             : exinfo->inclusionlist      = 000000002901FB38
[LOG] SystemI::createSoundInternal             : exinfo->inclusionlistnum   = 1
[LOG] SystemI::createSoundInternal             : exinfo->suggestedsoundtype = 5
[LOG] SystemI::createSoundInternal             : exinfo->useropen           = 000007F91E9C5130
[LOG] SystemI::createSoundInternal             : exinfo->userclose          = 000007F91E9C5100
[LOG] SystemI::createSoundInternal             : exinfo->userread           = 000007F91E9C5200
[LOG] SystemI::createSoundInternal             : exinfo->userseek           = 000007F91E9C52B0
[LOG] SystemI::createSoundInternal             : exinfo->fileuserdata       = 0000000027088E78
[LOG] SystemI::createSoundInternal             : exinfo->initialseekpostype = 1
[LOG] SystemI::createSoundInternal             : Format has 1 subsounds.
[LOG] SystemI::createSoundInternal             : Create as FMOD_CREATESAMPLE
[LOG] SystemI::createSoundInternal             : Multi-sample sound (1 subsounds), create a sample container.
[LOG] SystemI::createSoundInternal             : creating subsound 0/1
[LOG] SystemI::createSample                    : mode 02000202 length 24118 samples, lengthbytes 4096
[LOG] SystemI::createSample                    : channels = 1
[LOG] SystemI::createSample                    : output = 000000002488C158
[LOG] OutputSoftware::createSample             : lengthpcm 24118, lengthbytes 4096, channels 1, format 2, freq 48000, mode 0200020a
[LOG] SystemI::createSoundInternal             : No name found in file, use filename.
[LOG] SystemI::createSoundInternal             : done.  OpenState now = FMOD_OPENSTATE_READY.

[LOG] SystemI::createSoundInternal             : filename =  : mode 02000202
[LOG] SystemI::createSoundInternal             : exinfo->cbsize             = 232
[LOG] SystemI::createSoundInternal             : exinfo->length             = 275936
[LOG] SystemI::createSoundInternal             : exinfo->fileoffset         = 16448
[LOG] SystemI::createSoundInternal             : exinfo->numsubsounds       = 1
[LOG] SystemI::createSoundInternal             : exinfo->inclusionlist      = 000000002901FB38
[LOG] SystemI::createSoundInternal             : exinfo->inclusionlistnum   = 1
[LOG] SystemI::createSoundInternal             : exinfo->suggestedsoundtype = 5
[LOG] SystemI::createSoundInternal             : exinfo->useropen           = 000007F91E9C5130
[LOG] SystemI::createSoundInternal             : exinfo->userclose          = 000007F91E9C5100
[LOG] SystemI::createSoundInternal             : exinfo->userread           = 000007F91E9C5200
[LOG] SystemI::createSoundInternal             : exinfo->userseek           = 000007F91E9C52B0
[LOG] SystemI::createSoundInternal             : exinfo->fileuserdata       = 0000000027088E78
[LOG] SystemI::createSoundInternal             : exinfo->initialseekpostype = 1
[LOG] SystemI::createSoundInternal             : Format has 1 subsounds.
[LOG] SystemI::createSoundInternal             : Create as FMOD_CREATESAMPLE
[LOG] SystemI::createSoundInternal             : Multi-sample sound (1 subsounds), create a sample container.
[LOG] SystemI::createSoundInternal             : creating subsound 0/1
[LOG] SystemI::createSample                    : mode 02000202 length 34815 samples, lengthbytes 5920
[LOG] SystemI::createSample                    : channels = 1
[LOG] SystemI::createSample                    : output = 000000002488C158
[LOG] OutputSoftware::createSample             : lengthpcm 34815, lengthbytes 5920, channels 1, format 2, freq 48000, mode 0200020a
[LOG] SystemI::createSoundInternal             : No name found in file, use filename.
[LOG] SystemI::createSoundInternal             : done.  OpenState now = FMOD_OPENSTATE_READY.

[LOG] SystemI::createSoundInternal             : filename =  : mode 02000202
[LOG] SystemI::createSoundInternal             : exinfo->cbsize             = 232
[LOG] SystemI::createSoundInternal             : exinfo->length             = 275936
[LOG] SystemI::createSoundInternal             : exinfo->fileoffset         = 16448
[LOG] SystemI::createSoundInternal             : exinfo->numsubsounds       = 1
[LOG] SystemI::createSoundInternal             : exinfo->inclusionlist      = 000000002901FB38
[LOG] SystemI::createSoundInternal             : exinfo->inclusionlistnum   = 1
[LOG] SystemI::createSoundInternal             : exinfo->suggestedsoundtype = 5
[LOG] SystemI::createSoundInternal             : exinfo->useropen           = 000007F91E9C5130
[LOG] SystemI::createSoundInternal             : exinfo->userclose          = 000007F91E9C5100
[LOG] SystemI::createSoundInternal             : exinfo->userread           = 000007F91E9C5200
[LOG] SystemI::createSoundInternal             : exinfo->userseek           = 000007F91E9C52B0
[LOG] SystemI::createSoundInternal             : exinfo->fileuserdata       = 0000000027088E78
[LOG] SystemI::createSoundInternal             : exinfo->initialseekpostype = 1
[LOG] SystemI::createSoundInternal             : Format has 1 subsounds.
[LOG] SystemI::createSoundInternal             : Create as FMOD_CREATESAMPLE
[LOG] SystemI::createSoundInternal             : Multi-sample sound (1 subsounds), create a sample container.
[LOG] SystemI::createSoundInternal             : creating subsound 0/1
[LOG] SystemI::createSample                    : mode 02000202 length 24310 samples, lengthbytes 4640
[LOG] SystemI::createSample                    : channels = 1
[LOG] SystemI::createSample                    : output = 000000002488C158
[LOG] OutputSoftware::createSample             : lengthpcm 24310, lengthbytes 4640, channels 1, format 2, freq 48000, mode 0200020a
[LOG] SystemI::createSoundInternal             : No name found in file, use filename.
[LOG] SystemI::createSoundInternal             : done.  OpenState now = FMOD_OPENSTATE_READY.

[LOG] SystemI::createSoundInternal             : filename =  : mode 02000202
[LOG] SystemI::createSoundInternal             : exinfo->cbsize             = 232
[LOG] SystemI::createSoundInternal             : exinfo->length             = 275936
[LOG] SystemI::createSoundInternal             : exinfo->fileoffset         = 16448
[LOG] SystemI::createSoundInternal             : exinfo->numsubsounds       = 1
[LOG] SystemI::createSoundInternal             : exinfo->inclusionlist      = 000000002901FB38
[LOG] SystemI::createSoundInternal             : exinfo->inclusionlistnum   = 1
[LOG] SystemI::createSoundInternal             : exinfo->suggestedsoundtype = 5
[LOG] SystemI::createSoundInternal             : exinfo->useropen           = 000007F91E9C5130
[LOG] SystemI::createSoundInternal             : exinfo->userclose          = 000007F91E9C5100
[LOG] SystemI::createSoundInternal             : exinfo->userread           = 000007F91E9C5200
[LOG] SystemI::createSoundInternal             : exinfo->userseek           = 000007F91E9C52B0
[LOG] SystemI::createSoundInternal             : exinfo->fileuserdata       = 0000000027088E78
[LOG] SystemI::createSoundInternal             : exinfo->initialseekpostype = 1
[LOG] SystemI::createSoundInternal             : Format has 1 subsounds.
[LOG] SystemI::createSoundInternal             : Create as FMOD_CREATESAMPLE
[LOG] SystemI::createSoundInternal             : Multi-sample sound (1 subsounds), create a sample container.
[LOG] SystemI::createSoundInternal             : creating subsound 0/1
[LOG] SystemI::createSample                    : mode 02000202 length 107374 samples, lengthbytes 25280
[LOG] SystemI::createSample                    : channels = 1
[LOG] SystemI::createSample                    : output = 000000002488C158
[LOG] OutputSoftware::createSample             : lengthpcm 107374, lengthbytes 25280, channels 1, format 2, freq 48000, mode 0200020a
[LOG] SystemI::createSoundInternal             : No name found in file, use filename.
[LOG] SystemI::createSoundInternal             : done.  OpenState now = FMOD_OPENSTATE_READY.

[LOG] SystemI::createSoundInternal             : filename =  : mode 02000202
[LOG] SystemI::createSoundInternal             : exinfo->cbsize             = 232
[LOG] SystemI::createSoundInternal             : exinfo->length             = 275936
[LOG] SystemI::createSoundInternal             : exinfo->fileoffset         = 16448
[LOG] SystemI::createSoundInternal             : exinfo->numsubsounds       = 1
[LOG] SystemI::createSoundInternal             : exinfo->inclusionlist      = 000000002901FB38
[LOG] SystemI::createSoundInternal             : exinfo->inclusionlistnum   = 1
[LOG] SystemI::createSoundInternal             : exinfo->suggestedsoundtype = 5
[LOG] SystemI::createSoundInternal             : exinfo->useropen           = 000007F91E9C5130
[LOG] SystemI::createSoundInternal             : exinfo->userclose          = 000007F91E9C5100
[LOG] SystemI::createSoundInternal             : exinfo->userread           = 000007F91E9C5200
[LOG] SystemI::createSoundInternal             : exinfo->userseek           = 000007F91E9C52B0
[LOG] SystemI::createSoundInternal             : exinfo->fileuserdata       = 0000000027088E78
[LOG] SystemI::createSoundInternal             : exinfo->initialseekpostype = 1
[LOG] SystemI::createSoundInternal             : Format has 1 subsounds.
[LOG] SystemI::createSoundInternal             : Create as FMOD_CREATESAMPLE
[LOG] SystemI::createSoundInternal             : Multi-sample sound (1 subsounds), create a sample container.
[LOG] SystemI::createSoundInternal             : creating subsound 0/1
[LOG] SystemI::createSample                    : mode 02000202 length 22569 samples, lengthbytes 3904
[LOG] SystemI::createSample                    : channels = 1
[LOG] SystemI::createSample                    : output = 000000002488C158
[LOG] OutputSoftware::createSample             : lengthpcm 22569, lengthbytes 3904, channels 1, format 2, freq 48000, mode 0200020a
[LOG] SystemI::createSoundInternal             : No name found in file, use filename.
[LOG] SystemI::createSoundInternal             : done.  OpenState now = FMOD_OPENSTATE_READY.

[LOG] SystemI::createSoundInternal             : filename =  : mode 02000202
[LOG] SystemI::createSoundInternal             : exinfo->cbsize             = 232
[LOG] SystemI::createSoundInternal             : exinfo->length             = 275936
[LOG] SystemI::createSoundInternal             : exinfo->fileoffset         = 16448
[LOG] SystemI::createSoundInternal             : exinfo->numsubsounds       = 1
[LOG] SystemI::createSoundInternal             : exinfo->inclusionlist      = 000000002901FB38
[LOG] SystemI::createSoundInternal             : exinfo->inclusionlistnum   = 1
[LOG] SystemI::createSoundInternal             : exinfo->suggestedsoundtype = 5
[LOG] SystemI::createSoundInternal             : exinfo->useropen           = 000007F91E9C5130
[LOG] SystemI::createSoundInternal             : exinfo->userclose          = 000007F91E9C5100
[LOG] SystemI::createSoundInternal             : exinfo->userread           = 000007F91E9C5200
[LOG] SystemI::createSoundInternal             : exinfo->userseek           = 000007F91E9C52B0
[LOG] SystemI::createSoundInternal             : exinfo->fileuserdata       = 0000000027088E78
[LOG] SystemI::createSoundInternal             : exinfo->initialseekpostype = 1
[LOG] SystemI::createSoundInternal             : Format has 1 subsounds.
[LOG] SystemI::createSoundInternal             : Create as FMOD_CREATESAMPLE
[LOG] SystemI::createSoundInternal             : Multi-sample sound (1 subsounds), create a sample container.
[LOG] SystemI::createSoundInternal             : creating subsound 0/1
[LOG] SystemI::createSample                    : mode 02000202 length 11739 samples, lengthbytes 2656
[LOG] SystemI::createSample                    : channels = 1
[LOG] SystemI::createSample                    : output = 000000002488C158
[LOG] OutputSoftware::createSample             : lengthpcm 11739, lengthbytes 2656, channels 1, format 2, freq 48000, mode 0200020a
[LOG] SystemI::createSoundInternal             : No name found in file, use filename.
[LOG] SystemI::createSoundInternal             : done.  OpenState now = FMOD_OPENSTATE_READY.

[LOG] SystemI::createSoundInternal             : filename =  : mode 02000202
[LOG] SystemI::createSoundInternal             : exinfo->cbsize             = 232
[LOG] SystemI::createSoundInternal             : exinfo->length             = 275936
[LOG] SystemI::createSoundInternal             : exinfo->fileoffset         = 16448
[LOG] SystemI::createSoundInternal             : exinfo->numsubsounds       = 1
[LOG] SystemI::createSoundInternal             : exinfo->inclusionlist      = 000000002901FB38
[LOG] SystemI::createSoundInternal             : exinfo->inclusionlistnum   = 1
[LOG] SystemI::createSoundInternal             : exinfo->suggestedsoundtype = 5
[LOG] SystemI::createSoundInternal             : exinfo->useropen           = 000007F91E9C5130
[LOG] SystemI::createSoundInternal             : exinfo->userclose          = 000007F91E9C5100
[LOG] SystemI::createSoundInternal             : exinfo->userread           = 000007F91E9C5200
[LOG] SystemI::createSoundInternal             : exinfo->userseek           = 000007F91E9C52B0
[LOG] SystemI::createSoundInternal             : exinfo->fileuserdata       = 0000000027088E78
[LOG] SystemI::createSoundInternal             : exinfo->initialseekpostype = 1
[LOG] SystemI::createSoundInternal             : Format has 1 subsounds.
[LOG] SystemI::createSoundInternal             : Create as FMOD_CREATESAMPLE
[LOG] SystemI::createSoundInternal             : Multi-sample sound (1 subsounds), create a sample container.
[LOG] SystemI::createSoundInternal             : creating subsound 0/1
[LOG] SystemI::createSample                    : mode 02000202 length 25578 samples, lengthbytes 4640
[LOG] SystemI::createSample                    : channels = 1
[LOG] SystemI::createSample                    : output = 000000002488C158
[LOG] OutputSoftware::createSample             : lengthpcm 25578, lengthbytes 4640, channels 1, format 2, freq 48000, mode 0200020a
[LOG] SystemI::createSoundInternal             : No name found in file, use filename.
[LOG] SystemI::createSoundInternal             : done.  OpenState now = FMOD_OPENSTATE_READY.

[LOG] Manager::readBank                        : fileversion = 80, compatVersion = 70 (oldest = 44, newest = 80)
[LOG] SystemI::createSound                     : filename = ./FMOD project - DO NOT MODIFY/LD37\Build\Desktop/Music.bank : mode 02010082
[LOG] SystemI::createSound                     : FMOD_NONBLOCKING specified.  Putting into queue to be opened asynchronously!
[LOG] SystemI::createSound                     : setdata soundi = 00000000270BA0E8 : node = 000000000FA55D60
[LOG] SystemI::createSound                     : add node to async list : head = 0000000026EB1C68.  list count = 0
[LOG] AsyncThread::threadFunc                  : Starting Asynchronous operation on sound 00000000270BA0E8
[LOG] SystemI::createSoundInternal             :     filename = ./FMOD project - DO NOT MODIFY/LD37\Build\Desktop/Music.bank : mode 02010082
[LOG] SystemI::createSoundInternal             :     exinfo->cbsize             = 232
[LOG] SystemI::createSoundInternal             :     exinfo->length             = 6449728
[LOG] SystemI::createSoundInternal             :     exinfo->fileoffset         = 40512
[LOG] SystemI::createSoundInternal             :     exinfo->numsubsounds       = 1
[LOG] SystemI::createSoundInternal             :     exinfo->inclusionlist      = 000000000FA55E78
[LOG] SystemI::createSoundInternal             :     exinfo->inclusionlistnum   = 1
[LOG] SystemI::createSoundInternal             :     exinfo->suggestedsoundtype = 5
[LOG] SystemI::createSoundInternal             :     exinfo->initialseekposition = 4615
[LOG] SystemI::createSoundInternal             :     exinfo->initialseekpostype = 1
[LOG] SystemI::createSoundInternal             :     Format has 1 subsounds.
[LOG] SystemI::createSoundInternal             :     Create as FMOD_CREATESTREAM
[LOG] System::createSoundInternal              :     decode buffersize = 19200 : blocksize = 256 : format = 2
[LOG] SystemI::createSample                    :     mode 02010082 length 19200 samples, lengthbytes 685888
[LOG] SystemI::createSample                    :     channels = 2
[LOG] SystemI::createSample                    :     output = 000000002488C158
[LOG] OutputSoftware::createSample             :     lengthpcm 19200, lengthbytes 685888, channels 2, format 2, freq 48000, mode 0201008a
[LOG] System::createSoundInternal              :     1 subsounds detected.
[LOG] System::createSoundInternal              :     Seek stream to start
[LOG] System::createSoundInternal              :     flush stream buffer
[LOG] System::createSoundInternal              :     flush successful.
[LOG] System::createSoundInternal              :     switch file handle from small blocking single buffered to large nonblocking doublebuffered.
[LOG] SystemI::createSoundInternal             :     done.  OpenState now = FMOD_OPENSTATE_READY.

[LOG] AsyncThread::threadFunc                  : Finished Asynchronous operation on sound 00000000270BA0E8
[LOG] SoundI::getSubSound                      : sound 00000000270BA0E8.  Subsound index 0 / 1
[LOG] SoundI::release                          : Chords (000000000FACB2C8)
[LOG] SoundI::release                          : remove stream samples. (000000000FACB2C8)
[LOG] SoundI::release                          :     Chords (0000000026EDFF78)
[LOG] SoundI::release                          : release subsounds. (000000000FACB2C8)
[LOG] SoundI::release                          :     Chords (000000000FACB468)
[LOG] SoundI::release                          : release codec. (000000000FACB2C8)
[LOG] Manager::readBank                        : fileversion = 80, compatVersion = 70 (oldest = 44, newest = 80)
[LOG] Manager::readBank                        : fileversion = 80, compatVersion = 70 (oldest = 44, newest = 80)
[LOG] SystemI::createSound                     : filename = ./FMOD project - DO NOT MODIFY/LD37\Build\Desktop/Music.bank : mode 02010082
[LOG] SystemI::createSound                     : FMOD_NONBLOCKING specified.  Putting into queue to be opened asynchronously!
[LOG] SystemI::createSound                     : setdata soundi = 00000000270BB948 : node = 000000000FA55C10
[LOG] SystemI::createSound                     : add node to async list : head = 0000000026EB1C68.  list count = 0
[LOG] AsyncThread::threadFunc                  : Starting Asynchronous operation on sound 00000000270BB948
[LOG] SystemI::createSoundInternal             :     filename = ./FMOD project - DO NOT MODIFY/LD37\Build\Desktop/Music.bank : mode 02010082
[LOG] SystemI::createSoundInternal             :     exinfo->cbsize             = 232
[LOG] SystemI::createSoundInternal             :     exinfo->length             = 6449728
[LOG] SystemI::createSoundInternal             :     exinfo->fileoffset         = 40512
[LOG] SystemI::createSoundInternal             :     exinfo->numsubsounds       = 1
[LOG] SystemI::createSoundInternal             :     exinfo->inclusionlist      = 000000000FA55D28
[LOG] SystemI::createSoundInternal             :     exinfo->inclusionlistnum   = 1
[LOG] SystemI::createSoundInternal             :     exinfo->suggestedsoundtype = 5
[LOG] SystemI::createSoundInternal             :     exinfo->initialseekposition = 4615
[LOG] SystemI::createSoundInternal             :     exinfo->initialseekpostype = 1
[LOG] SystemI::createSoundInternal             :     Format has 1 subsounds.
[LOG] SystemI::createSoundInternal             :     Create as FMOD_CREATESTREAM
[LOG] System::createSoundInternal              :     decode buffersize = 19200 : blocksize = 256 : format = 2
[LOG] SystemI::createSample                    :     mode 02010082 length 19200 samples, lengthbytes 685888
[LOG] SystemI::createSample                    :     channels = 2
[LOG] SystemI::createSample                    :     output = 000000002488C158
[LOG] OutputSoftware::createSample             :     lengthpcm 19200, lengthbytes 685888, channels 2, format 2, freq 48000, mode 0201008a
[LOG] System::createSoundInternal              :     1 subsounds detected.
[LOG] System::createSoundInternal              :     Seek stream to start
[LOG] System::createSoundInternal              :     flush stream buffer
[LOG] System::createSoundInternal              :     flush successful.
[LOG] System::createSoundInternal              :     switch file handle from small blocking single buffered to large nonblocking doublebuffered.
[LOG] SystemI::createSoundInternal             :     done.  OpenState now = FMOD_OPENSTATE_READY.

[LOG] AsyncThread::threadFunc                  : Finished Asynchronous operation on sound 00000000270BB948
[LOG] SoundI::getSubSound                      : sound 00000000270BB948.  Subsound index 0 / 1
[LOG] SoundI::release                          : Chords (00000000270BA0E8)
[LOG] SoundI::release                          : remove stream samples. (00000000270BA0E8)
[LOG] SoundI::release                          :     Chords (00000000270AEBE8)
[LOG] SoundI::release                          : release subsounds. (00000000270BA0E8)
[LOG] SoundI::release                          :     Chords (00000000270BB468)
[LOG] SoundI::release                          : release codec. (00000000270BA0E8)
[LOG] SoundI::release                          :  (0000000026E57208)
[LOG] SoundI::release                          : release subsounds. (0000000026E57208)
[LOG] SoundI::release                          :     schnarchen2 (0000000026EDFAC8)
[LOG] SoundI::release                          : release codec. (0000000026E57208)
[LOG] SoundI::release                          :  (0000000026F735E8)
[LOG] SoundI::release                          : release subsounds. (0000000026F735E8)
[LOG] SoundI::release                          :     CREAK Wood Bright Fast (mono) (0000000026EDF7A8)
[LOG] SoundI::release                          : release codec. (0000000026F735E8)
[LOG] SoundI::release                          :  (000000002709DC98)
[LOG] SoundI::release                          : release subsounds. (000000002709DC98)
[LOG] SoundI::release                          :     CREAK Wood Bright Short (mono) (00000000270AE8C8)
[LOG] SoundI::release                          : release codec. (000000002709DC98)
[LOG] SoundI::release                          :  (000000002709E0E8)
[LOG] SoundI::release                          : release subsounds. (000000002709E0E8)
[LOG] SoundI::release                          :     CREAK Wood Hollow 02 (mono) (000000002709B238)
[LOG] SoundI::release                          : release codec. (000000002709E0E8)
[LOG] SoundI::release                          :  (0000000026F73BA8)
[LOG] SoundI::release                          : release subsounds. (0000000026F73BA8)
[LOG] SoundI::release                          :     CREAK Wood Hollow Deep (mono) (0000000026EDFC58)
[LOG] SoundI::release                          : release codec. (0000000026F73BA8)
[LOG] SoundI::release                          :  (000000002709E6A8)
[LOG] SoundI::release                          : release subsounds. (000000002709E6A8)
[LOG] SoundI::release                          :     CREAK Wood Hollow Deep Smooth (mono) (000000002709B878)
[LOG] SoundI::release                          : release codec. (000000002709E6A8)
[LOG] SoundI::release                          :  (000000002709DE08)
[LOG] SoundI::release                          : release subsounds. (000000002709DE08)
[LOG] SoundI::release                          :     CREAK Wood Tree Creak 09 Bright (mono) (000000002709BEB8)
[LOG] SoundI::release                          : release codec. (000000002709DE08)
[LOG] SoundI::release                          :  (0000000026F73478)
[LOG] SoundI::release                          : release subsounds. (0000000026F73478)
[LOG] SoundI::release                          :     CREAK Wood Tree Creak 10 Bright Very Subtle (mono) (0000000026EE0108)
[LOG] SoundI::release                          : release codec. (0000000026F73478)
[LOG] SoundI::release                          :  (00000000270B0BC8)
[LOG] SoundI::release                          : release subsounds. (00000000270B0BC8)
[LOG] SoundI::release                          :     FOOTSTEP Walk Trainers Wood Boards RR1 (mono) (00000000270AEA58)
[LOG] SoundI::release                          : release codec. (00000000270B0BC8)
[LOG] SoundI::release                          :  (0000000026F73308)
[LOG] SoundI::release                          : release subsounds. (0000000026F73308)
[LOG] SoundI::release                          :     FOOTSTEP Walk Trainers Wood Boards RR2 (mono) (0000000026EE0298)
[LOG] SoundI::release                          : release codec. (0000000026F73308)
[LOG] SoundI::release                          :  (000000002709DF78)
[LOG] SoundI::release                          : release subsounds. (000000002709DF78)
[LOG] SoundI::release                          :     FOOTSTEP Walk Trainers Wood Boards RR3 (mono) (000000002709BB98)
[LOG] SoundI::release                          : release codec. (000000002709DF78)
[LOG] SoundI::release                          :  (000000002709E538)
[LOG] SoundI::release                          : release subsounds. (000000002709E538)
[LOG] SoundI::release                          :     FOOTSTEP Walk Trainers Wood Boards RR4 (mono) (000000002709B6E8)
[LOG] SoundI::release                          : release codec. (000000002709E538)
[LOG] SoundI::release                          :  (000000002709E258)
[LOG] SoundI::release                          : release subsounds. (000000002709E258)
[LOG] SoundI::release                          :     FOOTSTEP Walk Trainers Wood Boards RR5 (mono) (000000002709BA08)
[LOG] SoundI::release                          : release codec. (000000002709E258)
[LOG] SoundI::release                          :  (000000002709E3C8)
[LOG] SoundI::release                          : release subsounds. (000000002709E3C8)
[LOG] SoundI::release                          :     FOOTSTEP Walk Trainers Wood Boards RR6 (mono) (000000002709C048)
[LOG] SoundI::release                          : release codec. (000000002709E3C8)
[LOG] SoundI::release                          :  (000000002709E818)
[LOG] SoundI::release                          : release subsounds. (000000002709E818)
[LOG] SoundI::release                          :     FOOTSTEP Walk Trainers Wood Boards RR7 (mono) (000000002709B3C8)
[LOG] SoundI::release                          : release codec. (000000002709E818)
[LOG] SoundI::release                          :  (0000000026F73A38)
[LOG] SoundI::release                          : release subsounds. (0000000026F73A38)
[LOG] SoundI::release                          :     FOOTSTEP Walk Trainers Wood Boards RR8 (mono) (00000000005597F8)
[LOG] SoundI::release                          : release codec. (0000000026F73A38)
[LOG] SoundI::release                          :  (0000000026F73198)
[LOG] SoundI::release                          : release subsounds. (0000000026F73198)
[LOG] SoundI::release                          :     FABRIC Movement Short RR1 (mono) (000000002709BD28)
[LOG] SoundI::release                          : release codec. (0000000026F73198)
[LOG] SoundI::release                          :  (0000000026F73D18)
[LOG] SoundI::release                          : release subsounds. (0000000026F73D18)
[LOG] SoundI::release                          :     FABRIC Movement Short RR2 (mono) (0000000026EDF938)
[LOG] SoundI::release                          : release codec. (0000000026F73D18)
[LOG] SoundI::release                          :  (0000000026F73028)
[LOG] SoundI::release                          : release subsounds. (0000000026F73028)
[LOG] SoundI::release                          :     FABRIC Movement Short RR4 (mono) (0000000026EDFDE8)
[LOG] SoundI::release                          : release codec. (0000000026F73028)
[LOG] SoundI::release                          :  (0000000026F738C8)
[LOG] SoundI::release                          : release subsounds. (0000000026F738C8)
[LOG] SoundI::release                          :     FABRIC Movement Short RR3 (mono) (0000000026EE05B8)
[LOG] SoundI::release                          : release codec. (0000000026F738C8)
[LOG] SoundI::release                          :  (000000002709E988)
[LOG] SoundI::release                          : release subsounds. (000000002709E988)
[LOG] SoundI::release                          :     CREAK Wood Hollow 01 (mono) (000000002709B558)
[LOG] SoundI::release                          : release codec. (000000002709E988)
[LOG] SoundI::release                          :  (0000000026E567F8)
[LOG] SoundI::release                          : release subsounds. (0000000026E567F8)
[LOG] SoundI::release                          :     Kick - Trimmed (2) (00000000005594D8)
[LOG] SoundI::release                          : release codec. (0000000026E567F8)
[LOG] SoundI::release                          : Theme (00000000004F9AC8)
[LOG] SoundI::release                          : remove stream samples. (00000000004F9AC8)
[LOG] SoundI::release                          :     Theme (0000000026EE0428)
[LOG] SoundI::release                          : release subsounds. (00000000004F9AC8)
[LOG] SoundI::release                          :     Theme (000000000F9FDD68)
[LOG] SoundI::release                          : release codec. (00000000004F9AC8)
[LOG] SoundI::release                          : Chords (00000000270BB948)
[LOG] SoundI::release                          : remove stream samples. (00000000270BB948)
[LOG] SoundI::release                          :     Chords (00000000270AF098)
[LOG] SoundI::release                          : release subsounds. (00000000270BB948)
[LOG] SoundI::release                          :     Chords (00000000270BAC48)
[LOG] SoundI::release                          : release codec. (00000000270BB948)
[LOG] SoundI::release                          :  (0000000026E56968)
[LOG] SoundI::release                          : release subsounds. (0000000026E56968)
[LOG] SoundI::release                          :     Kick - Trimmed (3) (0000000000559668)
[LOG] SoundI::release                          : release codec. (0000000026E56968)
[LOG] SoundI::release                          :  (0000000026E57098)
[LOG] SoundI::release                          : release subsounds. (0000000026E57098)
[LOG] SoundI::release                          :     Kick - Trimmed (0000000000559348)
[LOG] SoundI::release                          : release codec. (0000000026E57098)
[LOG] SoundI::release                          :  (0000000026E574E8)
[LOG] SoundI::release                          : release subsounds. (0000000026E574E8)
[LOG] SoundI::release                          :     Gong - Trimmed (00000000005591B8)
[LOG] SoundI::release                          : release codec. (0000000026E574E8)
[LOG] SoundI::release                          :  (0000000026E56AD8)
[LOG] SoundI::release                          : release subsounds. (0000000026E56AD8)
[LOG] SoundI::release                          :     DBass - Trimmed (0000000000559028)
[LOG] SoundI::release                          : release codec. (0000000026E56AD8)
[LOG] Thread::callback                         : * FMOD Studio update thread finished
[LOG] Thread::close                            : FMOD Studio update thread thread destroyed
[LOG] Thread::callback                         : * FMOD Studio bank load thread finished
[LOG] Thread::close                            : FMOD Studio bank load thread thread destroyed
[LOG] Profile::disconnectAll                   : Profiler disconnecting all clients
[LOG] Thread::callback                         : * FMOD Studio sample load thread finished
[LOG] Thread::close                            : FMOD Studio sample load thread thread destroyed
[LOG] LiveUpdate::release                      : 
[LOG] LiveUpdate::reset                        : Reset connection (reason Disconnected)
[LOG] SystemI::close                           : 
[LOG] SystemI::close                           : Stop all sounds
[LOG] Thread::callback                         : * FMOD stream thread finished
[LOG] Thread::close                            : FMOD stream thread thread destroyed
[LOG] SystemI::close                           : Stream thread destroyed
[LOG] Thread::callback                         : * FMOD mixer thread finished
[LOG] Thread::close                            : FMOD mixer thread thread destroyed
[LOG] SystemI::close                           : Free master channel group.
[LOG] SystemI::close                           : Remove 'master' sound group.
[LOG] SystemI::close                           : Free software output.
[LOG] SystemI::close                           : Free emulated output.
[LOG] SystemI::close                           : Free channel pool.
[LOG] SystemI::close                           : done.

[LOG] Manager::readBank                        : fileversion = 80, compatVersion = 70 (oldest = 44, newest = 80)
[LOG] Manager::readBank                        : fileversion = 80, compatVersion = 70 (oldest = 44, newest = 80)
[LOG] Manager::readBank                        : fileversion = 80, compatVersion = 70 (oldest = 44, newest = 80)
[LOG] Manager::readBank                        : fileversion = 80, compatVersion = 70 (oldest = 44, newest = 80)
[LOG] Manager::readBank                        : fileversion = 80, compatVersion = 70 (oldest = 44, newest = 80)
[LOG] Manager::readBank                        : fileversion = 80, compatVersion = 70 (oldest = 44, newest = 80)
[WRN] ObjectLookup::get                        : Lookup failed for BusWithInputs: {0d135157-a6c1-48a8-a7a1-6d608e671a8a}
[LOG] Manager::readBank                        : fileversion = 80, compatVersion = 70 (oldest = 44, newest = 80)
[LOG] PlaybackSystem::acquireMasterBus         : Setting master channel group format to 6
[LOG] Manager::readBank                        : fileversion = 80, compatVersion = 70 (oldest = 44, newest = 80)
[WRN] ObjectLookup::get                        : Lookup failed for BusWithInputs: {0d135157-a6c1-48a8-a7a1-6d608e671a8a}
[WRN] ObjectLookup::get                        : Lookup failed for BusWithInputs: {0d135157-a6c1-48a8-a7a1-6d608e671a8a}
[WRN] ObjectLookup::get                        : Lookup failed for BusWithInputs: {0d135157-a6c1-48a8-a7a1-6d608e671a8a}
[WRN] ObjectLookup::get                        : Lookup failed for BusWithInputs: {0d135157-a6c1-48a8-a7a1-6d608e671a8a}
[WRN] ObjectLookup::get                        : Lookup failed for BusWithInputs: {0d135157-a6c1-48a8-a7a1-6d608e671a8a}
[LOG] Manager::readBank                        : fileversion = 80, compatVersion = 70 (oldest = 44, newest = 80)
[WRN] ObjectLookup::get                        : Lookup failed for BusWithInputs: {0d135157-a6c1-48a8-a7a1-6d608e671a8a}
[WRN] ObjectLookup::get                        : Lookup failed for BusWithInputs: {0d135157-a6c1-48a8-a7a1-6d608e671a8a}
[LOG] Thread::callback                         : * FMOD Studio bank load thread finished
[LOG] Thread::close                            : FMOD Studio bank load thread thread destroyed
[LOG] Thread::callback                         : * FMOD Studio sample load thread finished
[LOG] Thread::close                            : FMOD Studio sample load thread thread destroyed
[LOG] LiveUpdate::release                      : 
[LOG] LiveUpdate::reset                        : Reset connection (reason Disconnected)
[LOG] SystemI::close                           : 
[LOG] SystemI::close                           : Stop all sounds
[LOG] Thread::callback                         : * FMOD stream thread finished
[LOG] Thread::close                            : FMOD stream thread thread destroyed
[LOG] SystemI::close                           : Stream thread destroyed
[LOG] Thread::callback                         : * FMOD mixer thread finished
[LOG] Thread::close                            : FMOD mixer thread thread destroyed
[LOG] SystemI::close                           : Free master channel group.
[LOG] SystemI::close                           : Remove 'master' sound group.
[LOG] SystemI::close                           : Free software output.
[LOG] SystemI::close                           : Free emulated output.
[LOG] SystemI::close                           : Free channel pool.
[LOG] Thread::callback                         : * FMOD nonblocking thread (0) finished
[LOG] Thread::close                            : FMOD nonblocking thread (0) thread destroyed
[LOG] Thread::callback                         : * FMOD file thread finished
[LOG] Thread::close                            : FMOD file thread thread destroyed
[LOG] SystemI::close                           : done.

[LOG] System::create                           : Header version = 1.08.15. Current version = 1.08.15.
